<?xml version="1.0" encoding="UTF-8"?>
<testng-results skipped="0" failed="0" ignored="0" total="1" passed="1">
  <reporter-output>
  </reporter-output>
  <suite name="Default suite" duration-ms="51" started-at="2022-03-10T10:02:31Z" finished-at="2022-03-10T10:02:31Z">
    <groups>
    </groups>
    <test name="Default test" duration-ms="51" started-at="2022-03-10T10:02:31Z" finished-at="2022-03-10T10:02:31Z">
      <class name="DemoGit.Demo">
        <test-method status="PASS" signature="demo()[pri:0, instance:DemoGit.Demo@735b5592]" name="demo" duration-ms="12" started-at="2022-03-10T10:02:31Z" finished-at="2022-03-10T10:02:31Z">
          <reporter-output>
          </reporter-output>
        </test-method> <!-- demo -->
      </class> <!-- DemoGit.Demo -->
    </test> <!-- Default test -->
  </suite> <!-- Default suite -->
</testng-results>
